<?xml version="1.0" encoding="UTF-8"?>
<testsuite xmlns:xsi="http://www.w3.org/2001/XMLSchema-instance" xsi:noNamespaceSchemaLocation="https://maven.apache.org/surefire/maven-surefire-plugin/xsd/surefire-test-report-3.0.xsd" version="3.0" name="com.universidad.tienda.TiendaServicioTest" time="0.104" tests="4" errors="0" skipped="0" failures="0">
  <properties>
[...]
</properties>
  <testcase name="testCompositeCalculaPrecioTotal" classname="com.universidad.tienda.TiendaServicioTest" time="0.039"/>
  <testcase name="testCompositeAnidado" classname="com.universidad.tienda.TiendaServicioTest" time="0.001"/>
  <testcase name="testAdapterStripeRechazaTokenVacio" classname="com.universidad.tienda.TiendaServicioTest" time="0.007">
    <system-out><![CDATA[Stripe: cobro de 50000000 centavos [COP]
]]></system-out>
  </testcase>
  <testcase name="testAdapterPayPalProcesaPago" classname="com.universidad.tienda.TiendaServicioTest" time="0.022">
    <system-out><![CDATA[PayPal: procesando 100.0 USD
]]></system-out>
  </testcase>
</testsuite>